<?xml version="1.0" encoding="UTF-8"?>
<!-- Generated by org.testng.reporters.JUnitXMLReporter -->
<testsuite ignored="0" hostname="Deepak" failures="1" tests="2" name="Test1" time="0.073" errors="0" timestamp="2021-01-08T09:14:32 IST">
  <testcase classname="demo.TestNGParametersDemo" name="test" time="0.0">
    <failure type="org.testng.TestNGException" message="
Parameter &amp;apos;MyName&amp;apos; is required by @Test on method test but has not been marked @Optional or defined
in C:\Users\amit002\eclipse-workspace\SeleniumJavaFramework\testng6.xml">
      <![CDATA[org.testng.TestNGException: 
Parameter 'MyName' is required by @Test on method test but has not been marked @Optional or defined
in C:\Users\amit002\eclipse-workspace\SeleniumJavaFramework\testng6.xml
at java.base/java.util.ArrayList.forEach(ArrayList.java:1511)
... Removed 26 stack frames]]>
    </failure>
  </testcase> <!-- test -->
  <testcase classname="demo.TestNGParametersDemo" name="test2" time="0.007"/>
</testsuite> <!-- Test1 -->
